<?xml version="1.0" encoding="UTF-8"?>
<testsuite name="TestSuite" time="118.177" tests="44" errors="0" skipped="0" failures="3">
  <properties>
    <property name="java.runtime.name" value="Java(TM) SE Runtime Environment"/>
    <property name="sun.boot.library.path" value="C:\Program Files\Java\jdk1.8.0_181\jre\bin"/>
    <property name="java.vm.version" value="25.181-b13"/>
    <property name="java.vm.vendor" value="Oracle Corporation"/>
    <property name="maven.multiModuleProjectDirectory" value="C:\Selenium\seleniumtmc"/>
    <property name="java.vendor.url" value="http://java.oracle.com/"/>
    <property name="path.separator" value=";"/>
    <property name="guice.disable.misplaced.annotation.check" value="true"/>
    <property name="java.vm.name" value="Java HotSpot(TM) 64-Bit Server VM"/>
    <property name="file.encoding.pkg" value="sun.io"/>
    <property name="user.script" value=""/>
    <property name="user.country" value="US"/>
    <property name="sun.java.launcher" value="SUN_STANDARD"/>
    <property name="sun.os.patch.level" value=""/>
    <property name="java.vm.specification.name" value="Java Virtual Machine Specification"/>
    <property name="user.dir" value="C:\Selenium\seleniumtmc"/>
    <property name="java.runtime.version" value="1.8.0_181-b13"/>
    <property name="java.awt.graphicsenv" value="sun.awt.Win32GraphicsEnvironment"/>
    <property name="java.endorsed.dirs" value="C:\Program Files\Java\jdk1.8.0_181\jre\lib\endorsed"/>
    <property name="os.arch" value="amd64"/>
    <property name="java.io.tmpdir" value="C:\Users\deshpanr\AppData\Local\Temp\"/>
    <property name="line.separator" value="&#10;"/>
    <property name="java.vm.specification.vendor" value="Oracle Corporation"/>
    <property name="user.variant" value=""/>
    <property name="os.name" value="Windows 10"/>
    <property name="classworlds.conf" value="C:\Program Files\apache-maven-3.5.4\bin\..\bin\m2.conf"/>
    <property name="sun.jnu.encoding" value="Cp1252"/>
    <property name="java.library.path" value="C:\Program Files\Java\jdk1.8.0_181\bin;C:\Windows\Sun\Java\bin;C:\Windows\system32;C:\Windows;C:\Program Files (x86)\Common Files\Oracle\Java\javapath;C:\Windows\system32;C:\Windows;C:\Windows\System32\Wbem;C:\Windows\System32\WindowsPowerShell\v1.0\;C:\Program Files\Java\jdk1.8.0_181\bin;C:\Program Files\apache-maven-3.5.4\bin;C:\Program Files\MIT\Kerberos\bin;C:\Program Files\FME\;C:\Users\deshpanr\AppData\Local\Microsoft\WindowsApps;;C:\Users\deshpanr\AppData\Local\Programs\Fiddler;."/>
    <property name="maven.conf" value="C:\Program Files\apache-maven-3.5.4\bin\../conf"/>
    <property name="java.specification.name" value="Java Platform API Specification"/>
    <property name="java.class.version" value="52.0"/>
    <property name="sun.management.compiler" value="HotSpot 64-Bit Tiered Compilers"/>
    <property name="os.version" value="10.0"/>
    <property name="library.jansi.path" value="C:\Program Files\apache-maven-3.5.4\bin\..\lib\jansi-native"/>
    <property name="user.home" value="C:\Users\deshpanr"/>
    <property name="user.timezone" value="Asia/Calcutta"/>
    <property name="java.awt.printerjob" value="sun.awt.windows.WPrinterJob"/>
    <property name="java.specification.version" value="1.8"/>
    <property name="file.encoding" value="Cp1252"/>
    <property name="user.name" value="deshpanr"/>
    <property name="java.class.path" value="C:\Program Files\apache-maven-3.5.4\bin\..\boot\plexus-classworlds-2.5.2.jar"/>
    <property name="java.vm.specification.version" value="1.8"/>
    <property name="sun.arch.data.model" value="64"/>
    <property name="java.home" value="C:\Program Files\Java\jdk1.8.0_181\jre"/>
    <property name="sun.java.command" value="org.codehaus.plexus.classworlds.launcher.Launcher clean test"/>
    <property name="java.specification.vendor" value="Oracle Corporation"/>
    <property name="user.language" value="en"/>
    <property name="awt.toolkit" value="sun.awt.windows.WToolkit"/>
    <property name="java.vm.info" value="mixed mode"/>
    <property name="java.version" value="1.8.0_181"/>
    <property name="java.ext.dirs" value="C:\Program Files\Java\jdk1.8.0_181\jre\lib\ext;C:\Windows\Sun\Java\lib\ext"/>
    <property name="sun.boot.class.path" value="C:\Program Files\Java\jdk1.8.0_181\jre\lib\resources.jar;C:\Program Files\Java\jdk1.8.0_181\jre\lib\rt.jar;C:\Program Files\Java\jdk1.8.0_181\jre\lib\sunrsasign.jar;C:\Program Files\Java\jdk1.8.0_181\jre\lib\jsse.jar;C:\Program Files\Java\jdk1.8.0_181\jre\lib\jce.jar;C:\Program Files\Java\jdk1.8.0_181\jre\lib\charsets.jar;C:\Program Files\Java\jdk1.8.0_181\jre\lib\jfr.jar;C:\Program Files\Java\jdk1.8.0_181\jre\classes"/>
    <property name="sun.stderr.encoding" value="cp437"/>
    <property name="java.vendor" value="Oracle Corporation"/>
    <property name="maven.home" value="C:\Program Files\apache-maven-3.5.4\bin\.."/>
    <property name="file.separator" value="\"/>
    <property name="java.vendor.url.bug" value="http://bugreport.sun.com/bugreport/"/>
    <property name="sun.cpu.endian" value="little"/>
    <property name="sun.io.unicode.encoding" value="UnicodeLittle"/>
    <property name="sun.stdout.encoding" value="cp437"/>
    <property name="sun.desktop" value="windows"/>
    <property name="sun.cpu.isalist" value="amd64"/>
  </properties>
  <testcase name="loginTMCSoure" classname="co.testNG.tmcsourceui.TestSourceUIFunctionality$TMCSourceUIFunctionality" time="1.448"/>
  <testcase name="tmcSourceLogin" classname="co.testNG.tmcsourceui.TMCSourceUILogin" time="1.325">
    <failure message="expected:&lt;true&gt; but was:&lt;false&gt;" type="java.lang.AssertionError"><![CDATA[java.lang.AssertionError: expected:<true> but was:<false>
	at org.testng.Assert.fail(Assert.java:89)
	at org.testng.Assert.failNotEquals(Assert.java:489)
	at org.testng.Assert.assertTrue(Assert.java:37)
	at org.testng.Assert.assertTrue(Assert.java:47)
	at co.testNG.tmcsourceui.TMCSourceUILogin.tmcSourceLogin(TMCSourceUILogin.java:53)
]]></failure>
    <system-err><![CDATA[Aug 11, 2018 7:49:18 PM org.openqa.selenium.remote.DesiredCapabilities chrome
INFO: Using `new ChromeOptions()` is preferred to `DesiredCapabilities.chrome()`
Starting ChromeDriver 2.41.578737 (49da6702b16031c40d63e5618de03a32ff6c197e) on port 4192
Only local connections are allowed.
Aug 11, 2018 7:49:19 PM org.openqa.selenium.json.JsonOutput lambda$new$11
WARNING: Attempt to convert JsonElement from GSON. This functionality is deprecated. Diagnostic stacktrace follows
org.openqa.selenium.json.JsonException: Stack trace to determine cause of warning
Build info: version: '3.13.0', revision: '2f0d292', time: '2018-06-25T15:24:21.231Z'
System info: host: 'IN1WXL-522493', ip: '10.98.17.140', os.name: 'Windows 10', os.arch: 'amd64', os.version: '10.0', java.version: '1.8.0_181'
Driver info: driver.version: ChromeDriver
	at org.openqa.selenium.json.JsonOutput.lambda$new$11(JsonOutput.java:129)
	at org.openqa.selenium.json.JsonOutput$SafeBiConsumer.accept(JsonOutput.java:394)
	at org.openqa.selenium.json.JsonOutput.write(JsonOutput.java:248)
	at org.openqa.selenium.json.JsonOutput.convertUsingMethod(JsonOutput.java:300)
	at org.openqa.selenium.json.JsonOutput.lambda$new$13(JsonOutput.java:139)
	at org.openqa.selenium.json.JsonOutput$SafeBiConsumer.accept(JsonOutput.java:394)
	at org.openqa.selenium.json.JsonOutput.write(JsonOutput.java:248)
	at org.openqa.selenium.json.JsonOutput.lambda$null$20(JsonOutput.java:161)
	at java.util.TreeMap.forEach(TreeMap.java:1005)
	at java.util.Collections$UnmodifiableMap.forEach(Collections.java:1505)
	at org.openqa.selenium.json.JsonOutput.lambda$new$21(JsonOutput.java:160)
	at org.openqa.selenium.json.JsonOutput$SafeBiConsumer.accept(JsonOutput.java:394)
	at org.openqa.selenium.json.JsonOutput.write(JsonOutput.java:248)
	at org.openqa.selenium.json.JsonOutput.lambda$null$20(JsonOutput.java:161)
	at com.google.common.collect.SingletonImmutableBiMap.forEach(SingletonImmutableBiMap.java:65)
	at org.openqa.selenium.json.JsonOutput.lambda$new$21(JsonOutput.java:160)
	at org.openqa.selenium.json.JsonOutput$SafeBiConsumer.accept(JsonOutput.java:394)
	at org.openqa.selenium.json.JsonOutput.write(JsonOutput.java:248)
	at org.openqa.selenium.json.JsonOutput.write(JsonOutput.java:239)
	at org.openqa.selenium.json.Json.toJson(Json.java:42)
	at org.openqa.selenium.remote.NewSessionPayload.create(NewSessionPayload.java:99)
	at org.openqa.selenium.remote.NewSessionPayload.create(NewSessionPayload.java:93)
	at org.openqa.selenium.remote.ProtocolHandshake.createSession(ProtocolHandshake.java:67)
	at org.openqa.selenium.remote.HttpCommandExecutor.execute(HttpCommandExecutor.java:136)
	at org.openqa.selenium.remote.service.DriverCommandExecutor.execute(DriverCommandExecutor.java:83)
	at org.openqa.selenium.remote.RemoteWebDriver.execute(RemoteWebDriver.java:548)
	at org.openqa.selenium.remote.RemoteWebDriver.startSession(RemoteWebDriver.java:212)
	at org.openqa.selenium.remote.RemoteWebDriver.<init>(RemoteWebDriver.java:130)
	at org.openqa.selenium.chrome.ChromeDriver.<init>(ChromeDriver.java:170)
	at org.openqa.selenium.chrome.ChromeDriver.<init>(ChromeDriver.java:159)
	at org.openqa.selenium.chrome.ChromeDriver.<init>(ChromeDriver.java:116)
	at co.testNG.tmcsourceui.TMCSourceUILogin.invokeBrowser(TMCSourceUILogin.java:24)
	at sun.reflect.NativeMethodAccessorImpl.invoke0(Native Method)
	at sun.reflect.NativeMethodAccessorImpl.invoke(NativeMethodAccessorImpl.java:62)
	at sun.reflect.DelegatingMethodAccessorImpl.invoke(DelegatingMethodAccessorImpl.java:43)
	at java.lang.reflect.Method.invoke(Method.java:498)
	at org.testng.internal.MethodInvocationHelper.invokeMethod(MethodInvocationHelper.java:80)
	at org.testng.internal.Invoker.invokeConfigurationMethod(Invoker.java:543)
	at org.testng.internal.Invoker.invokeConfigurations(Invoker.java:212)
	at org.testng.internal.Invoker.invokeConfigurations(Invoker.java:138)
	at org.testng.internal.TestMethodWorker.invokeBeforeClassMethods(TestMethodWorker.java:175)
	at org.testng.internal.TestMethodWorker.run(TestMethodWorker.java:107)
	at org.testng.TestRunner.privateRun(TestRunner.java:758)
	at org.testng.TestRunner.run(TestRunner.java:613)
	at org.testng.SuiteRunner.runTest(SuiteRunner.java:334)
	at org.testng.SuiteRunner.runSequentially(SuiteRunner.java:329)
	at org.testng.SuiteRunner.privateRun(SuiteRunner.java:291)
	at org.testng.SuiteRunner.run(SuiteRunner.java:240)
	at org.testng.SuiteRunnerWorker.runSuite(SuiteRunnerWorker.java:53)
	at org.testng.SuiteRunnerWorker.run(SuiteRunnerWorker.java:87)
	at org.testng.TestNG.runSuitesSequentially(TestNG.java:1137)
	at org.testng.TestNG.runSuitesLocally(TestNG.java:1062)
	at org.testng.TestNG.run(TestNG.java:974)
	at org.apache.maven.surefire.testng.TestNGExecutor.run(TestNGExecutor.java:178)
	at org.apache.maven.surefire.testng.TestNGXmlTestSuite.execute(TestNGXmlTestSuite.java:92)
	at org.apache.maven.surefire.testng.TestNGProvider.invoke(TestNGProvider.java:96)
	at sun.reflect.NativeMethodAccessorImpl.invoke0(Native Method)
	at sun.reflect.NativeMethodAccessorImpl.invoke(NativeMethodAccessorImpl.java:62)
	at sun.reflect.DelegatingMethodAccessorImpl.invoke(DelegatingMethodAccessorImpl.java:43)
	at java.lang.reflect.Method.invoke(Method.java:498)
	at org.apache.maven.surefire.util.ReflectionUtils.invokeMethodWithArray2(ReflectionUtils.java:208)
	at org.apache.maven.surefire.booter.ProviderFactory$ProviderProxy.invoke(ProviderFactory.java:159)
	at org.apache.maven.surefire.booter.ProviderFactory.invokeProvider(ProviderFactory.java:87)
	at org.apache.maven.surefire.booter.ForkedBooter.runSuitesInProcess(ForkedBooter.java:153)
	at org.apache.maven.surefire.booter.ForkedBooter.main(ForkedBooter.java:95)

Aug 11, 2018 7:49:21 PM org.openqa.selenium.remote.ProtocolHandshake createSession
INFO: Detected dialect: OSS
]]></system-err>
  </testcase>
  <testcase name="tmcSourceLogin" classname="co.testNG.tmcsourceui.TMCSourceUILogin" time="1.23">
    <failure message="expected:&lt;true&gt; but was:&lt;false&gt;" type="java.lang.AssertionError"><![CDATA[java.lang.AssertionError: expected:<true> but was:<false>
	at org.testng.Assert.fail(Assert.java:89)
	at org.testng.Assert.failNotEquals(Assert.java:489)
	at org.testng.Assert.assertTrue(Assert.java:37)
	at org.testng.Assert.assertTrue(Assert.java:47)
	at co.testNG.tmcsourceui.TMCSourceUILogin.tmcSourceLogin(TMCSourceUILogin.java:53)
]]></failure>
  </testcase>
  <testcase name="tmcSourceLogin" classname="co.testNG.tmcsourceui.TMCSourceUILogin" time="1.467"/>
  <testcase name="checkCompose255BlankMode" classname="co.testNG.tmcsourceui.TestSourceUIFunctionality$TMCSourceUIFunctionality" time="3.054"/>
  <testcase name="checkCompose255BulkMode" classname="co.testNG.tmcsourceui.TestSourceUIFunctionality$TMCSourceUIFunctionality" time="3.226"/>
  <testcase name="checkCompose255BulkMode" classname="co.testNG.tmcsourceui.TestSourceUIFunctionality$TMCSourceUIFunctionality" time="3.235"/>
  <testcase name="checkCompose255BulkMode" classname="co.testNG.tmcsourceui.TestSourceUIFunctionality$TMCSourceUIFunctionality" time="3.099"/>
  <testcase name="checkCompose255BulkMode" classname="co.testNG.tmcsourceui.TestSourceUIFunctionality$TMCSourceUIFunctionality" time="3.216"/>
  <testcase name="checkCompose255BulkMode" classname="co.testNG.tmcsourceui.TestSourceUIFunctionality$TMCSourceUIFunctionality" time="3.265"/>
  <testcase name="checkCompose255BulkMode" classname="co.testNG.tmcsourceui.TestSourceUIFunctionality$TMCSourceUIFunctionality" time="3.266"/>
  <testcase name="checkCompose255BulkMode" classname="co.testNG.tmcsourceui.TestSourceUIFunctionality$TMCSourceUIFunctionality" time="3.066"/>
  <testcase name="checkCompose255BulkMode" classname="co.testNG.tmcsourceui.TestSourceUIFunctionality$TMCSourceUIFunctionality" time="3.713"/>
  <testcase name="checkCompose255SingleMode" classname="co.testNG.tmcsourceui.TestSourceUIFunctionality$TMCSourceUIFunctionality" time="3.497"/>
  <testcase name="checkCompose255SingleMode" classname="co.testNG.tmcsourceui.TestSourceUIFunctionality$TMCSourceUIFunctionality" time="3.449"/>
  <testcase name="checkCompose255SingleMode" classname="co.testNG.tmcsourceui.TestSourceUIFunctionality$TMCSourceUIFunctionality" time="3.217"/>
  <testcase name="checkCompose255SingleMode" classname="co.testNG.tmcsourceui.TestSourceUIFunctionality$TMCSourceUIFunctionality" time="3.232"/>
  <testcase name="checkCompose255SingleMode" classname="co.testNG.tmcsourceui.TestSourceUIFunctionality$TMCSourceUIFunctionality" time="3.333"/>
  <testcase name="checkCompose255SingleMode" classname="co.testNG.tmcsourceui.TestSourceUIFunctionality$TMCSourceUIFunctionality" time="3.249"/>
  <testcase name="checkCompose255SingleMode" classname="co.testNG.tmcsourceui.TestSourceUIFunctionality$TMCSourceUIFunctionality" time="3.302"/>
  <testcase name="checkCompose255SingleMode" classname="co.testNG.tmcsourceui.TestSourceUIFunctionality$TMCSourceUIFunctionality" time="3.742"/>
  <testcase name="checkCompose255SingleMode" classname="co.testNG.tmcsourceui.TestSourceUIFunctionality$TMCSourceUIFunctionality" time="3.934"/>
  <testcase name="checkCompose255SingleMode" classname="co.testNG.tmcsourceui.TestSourceUIFunctionality$TMCSourceUIFunctionality" time="3.966"/>
  <testcase name="checkCompose255SingleMode" classname="co.testNG.tmcsourceui.TestSourceUIFunctionality$TMCSourceUIFunctionality" time="3.799"/>
  <testcase name="checkTagCreation" classname="co.testNG.tmcsourceui.TestSourceUIFunctionality$TMCSourceUIFunctionality" time="2.062"/>
  <testcase name="createTag" classname="co.testNG.tmcsourceui.TestSourceUIFunctionality$TMCSourceUIFunctionality" time="1.48"/>
  <testcase name="createTag" classname="co.testNG.tmcsourceui.TestSourceUIFunctionality$TMCSourceUIFunctionality" time="1.965">
    <failure message="expected:&lt;Duplicate Entry for given tag version&gt; but was:&lt;Tag Added Successfully&gt;" type="java.lang.AssertionError"><![CDATA[java.lang.AssertionError: expected:<Duplicate Entry for given tag version> but was:<Tag Added Successfully>
	at org.testng.Assert.fail(Assert.java:89)
	at org.testng.Assert.failNotEquals(Assert.java:489)
	at org.testng.Assert.assertEquals(Assert.java:118)
	at org.testng.Assert.assertEquals(Assert.java:171)
	at org.testng.Assert.assertEquals(Assert.java:181)
	at co.testNG.tmcsourceui.TestSourceUIFunctionality$TMCSourceUIFunctionality.createTag(TestSourceUIFunctionality.java:232)
]]></failure>
  </testcase>
  <testcase name="createTag" classname="co.testNG.tmcsourceui.TestSourceUIFunctionality$TMCSourceUIFunctionality" time="2.032"/>
  <testcase name="hideFlagStatusCheck" classname="co.testNG.tmcsourceui.TestSourceUIFunctionality$TMCSourceUIFunctionality" time="1.894"/>
  <testcase name="hideFlagStatusCheck" classname="co.testNG.tmcsourceui.TestSourceUIFunctionality$TMCSourceUIFunctionality" time="1.761"/>
  <testcase name="hideFlagStatusCheck" classname="co.testNG.tmcsourceui.TestSourceUIFunctionality$TMCSourceUIFunctionality" time="1.694"/>
  <testcase name="projectStatusCheck" classname="co.testNG.tmcsourceui.TestSourceUIFunctionality$TMCSourceUIFunctionality" time="1.85"/>
  <testcase name="projectStatusCheck" classname="co.testNG.tmcsourceui.TestSourceUIFunctionality$TMCSourceUIFunctionality" time="1.75"/>
  <testcase name="projectStatusCheck" classname="co.testNG.tmcsourceui.TestSourceUIFunctionality$TMCSourceUIFunctionality" time="1.901"/>
  <testcase name="projectStatusCheck" classname="co.testNG.tmcsourceui.TestSourceUIFunctionality$TMCSourceUIFunctionality" time="1.81"/>
  <testcase name="projectStatusCheck" classname="co.testNG.tmcsourceui.TestSourceUIFunctionality$TMCSourceUIFunctionality" time="1.996"/>
  <testcase name="projectStatusCheck" classname="co.testNG.tmcsourceui.TestSourceUIFunctionality$TMCSourceUIFunctionality" time="1.889"/>
  <testcase name="projectStatusCheck" classname="co.testNG.tmcsourceui.TestSourceUIFunctionality$TMCSourceUIFunctionality" time="1.81"/>
  <testcase name="recommendedFlagCheck" classname="co.testNG.tmcsourceui.TestSourceUIFunctionality$TMCSourceUIFunctionality" time="1.659"/>
  <testcase name="sourceStatusCheck" classname="co.testNG.tmcsourceui.TestSourceUIFunctionality$TMCSourceUIFunctionality" time="1.789"/>
  <testcase name="sourceStatusCheck" classname="co.testNG.tmcsourceui.TestSourceUIFunctionality$TMCSourceUIFunctionality" time="1.771"/>
  <testcase name="sourceStatusCheck" classname="co.testNG.tmcsourceui.TestSourceUIFunctionality$TMCSourceUIFunctionality" time="1.853"/>
  <testcase name="sourceStatusCheck" classname="co.testNG.tmcsourceui.TestSourceUIFunctionality$TMCSourceUIFunctionality" time="1.778"/>
  <testcase name="uploadTMCSourceFile" classname="co.testNG.tmcsourceui.TestSourceUIFunctionality$TMCSourceUIFunctionality" time="10.103"/>
</testsuite>