<?xml version="1.0" encoding="UTF-8"?>
<!-- Generated by org.testng.reporters.JUnitReportReporter -->
<testsuite skipped="0" hostname="IN1W7L-507188" name="co.testNG.tmcsourceui.TestSourceUIFunctionality$TMCSourceUIFunctionality" tests="40" failures="2" timestamp="02 Jun 2018 07:49:59 GMT" time="126.006" errors="0">
  <testcase name="loginTMCSoure" time="1.495" classname="co.testNG.tmcsourceui.TestSourceUIFunctionality$TMCSourceUIFunctionality"/>
  <testcase name="createTag" time="1.630" classname="co.testNG.tmcsourceui.TestSourceUIFunctionality$TMCSourceUIFunctionality"/>
  <testcase name="sourceStatusCheck" time="1.892" classname="co.testNG.tmcsourceui.TestSourceUIFunctionality$TMCSourceUIFunctionality"/>
  <testcase name="checkCompose255BulkMode" time="3.403" classname="co.testNG.tmcsourceui.TestSourceUIFunctionality$TMCSourceUIFunctionality"/>
  <testcase name="checkCompose255BulkMode" time="3.713" classname="co.testNG.tmcsourceui.TestSourceUIFunctionality$TMCSourceUIFunctionality"/>
  <testcase name="projectStatusCheck" time="2.167" classname="co.testNG.tmcsourceui.TestSourceUIFunctionality$TMCSourceUIFunctionality"/>
  <testcase name="checkCompose255SingleMode" time="3.523" classname="co.testNG.tmcsourceui.TestSourceUIFunctionality$TMCSourceUIFunctionality"/>
  <testcase name="checkCompose255BulkMode" time="3.798" classname="co.testNG.tmcsourceui.TestSourceUIFunctionality$TMCSourceUIFunctionality"/>
  <testcase name="checkCompose255SingleMode" time="3.630" classname="co.testNG.tmcsourceui.TestSourceUIFunctionality$TMCSourceUIFunctionality"/>
  <testcase name="projectStatusCheck" time="2.265" classname="co.testNG.tmcsourceui.TestSourceUIFunctionality$TMCSourceUIFunctionality"/>
  <testcase name="checkTagCreation" time="2.060" classname="co.testNG.tmcsourceui.TestSourceUIFunctionality$TMCSourceUIFunctionality">
    <failure type="java.lang.AssertionError" message="Invalid Tag expected [false] but found [true]">
      <![CDATA[java.lang.AssertionError: Invalid Tag expected [false] but found [true]
	at org.testng.Assert.fail(Assert.java:93)
	at org.testng.Assert.failNotEquals(Assert.java:512)
	at org.testng.Assert.assertFalse(Assert.java:62)
	at co.testNG.tmcsourceui.TestSourceUIFunctionality$TMCSourceUIFunctionality.checkTagCreation(TestSourceUIFunctionality.java:234)
	at sun.reflect.NativeMethodAccessorImpl.invoke0(Native Method)
	at sun.reflect.NativeMethodAccessorImpl.invoke(Unknown Source)
	at sun.reflect.DelegatingMethodAccessorImpl.invoke(Unknown Source)
	at java.lang.reflect.Method.invoke(Unknown Source)
	at org.testng.internal.MethodInvocationHelper.invokeMethod(MethodInvocationHelper.java:108)
	at org.testng.internal.Invoker.invokeMethod(Invoker.java:669)
	at org.testng.internal.Invoker.invokeTestMethod(Invoker.java:877)
	at org.testng.internal.Invoker.invokeTestMethods(Invoker.java:1201)
	at org.testng.internal.TestMethodWorker.invokeTestMethods(TestMethodWorker.java:125)
	at org.testng.internal.TestMethodWorker.run(TestMethodWorker.java:109)
	at org.testng.TestRunner.privateRun(TestRunner.java:776)
	at org.testng.TestRunner.run(TestRunner.java:634)
	at org.testng.SuiteRunner.runTest(SuiteRunner.java:425)
	at org.testng.SuiteRunner.runSequentially(SuiteRunner.java:420)
	at org.testng.SuiteRunner.privateRun(SuiteRunner.java:385)
	at org.testng.SuiteRunner.run(SuiteRunner.java:334)
	at org.testng.SuiteRunnerWorker.runSuite(SuiteRunnerWorker.java:52)
	at org.testng.SuiteRunnerWorker.run(SuiteRunnerWorker.java:86)
	at org.testng.TestNG.runSuitesSequentially(TestNG.java:1318)
	at org.testng.TestNG.runSuitesLocally(TestNG.java:1243)
	at org.testng.TestNG.runSuites(TestNG.java:1161)
	at org.testng.TestNG.run(TestNG.java:1129)
	at org.testng.remote.AbstractRemoteTestNG.run(AbstractRemoteTestNG.java:114)
	at org.testng.remote.RemoteTestNG.initAndRun(RemoteTestNG.java:251)
	at org.testng.remote.RemoteTestNG.main(RemoteTestNG.java:77)
]]>
    </failure>
  </testcase> <!-- checkTagCreation -->
  <testcase name="checkCompose255SingleMode" time="3.622" classname="co.testNG.tmcsourceui.TestSourceUIFunctionality$TMCSourceUIFunctionality"/>
  <testcase name="checkCompose255SingleMode" time="4.086" classname="co.testNG.tmcsourceui.TestSourceUIFunctionality$TMCSourceUIFunctionality"/>
  <testcase name="checkCompose255BlankMode" time="3.400" classname="co.testNG.tmcsourceui.TestSourceUIFunctionality$TMCSourceUIFunctionality"/>
  <testcase name="hideFlagStatusCheck" time="1.790" classname="co.testNG.tmcsourceui.TestSourceUIFunctionality$TMCSourceUIFunctionality"/>
  <testcase name="sourceStatusCheck" time="1.865" classname="co.testNG.tmcsourceui.TestSourceUIFunctionality$TMCSourceUIFunctionality"/>
  <testcase name="checkCompose255BulkMode" time="4.073" classname="co.testNG.tmcsourceui.TestSourceUIFunctionality$TMCSourceUIFunctionality"/>
  <testcase name="createTag" time="2.095" classname="co.testNG.tmcsourceui.TestSourceUIFunctionality$TMCSourceUIFunctionality">
    <failure type="java.lang.AssertionError" message="expected [Tag Added Successfully] but found [Duplicate Entry for given tag version]">
      <![CDATA[java.lang.AssertionError: expected [Tag Added Successfully] but found [Duplicate Entry for given tag version]
	at org.testng.Assert.fail(Assert.java:93)
	at org.testng.Assert.failNotEquals(Assert.java:512)
	at org.testng.Assert.assertEqualsImpl(Assert.java:134)
	at org.testng.Assert.assertEquals(Assert.java:115)
	at org.testng.Assert.assertEquals(Assert.java:189)
	at org.testng.Assert.assertEquals(Assert.java:199)
	at co.testNG.tmcsourceui.TestSourceUIFunctionality$TMCSourceUIFunctionality.createTag(TestSourceUIFunctionality.java:216)
	at sun.reflect.NativeMethodAccessorImpl.invoke0(Native Method)
	at sun.reflect.NativeMethodAccessorImpl.invoke(Unknown Source)
	at sun.reflect.DelegatingMethodAccessorImpl.invoke(Unknown Source)
	at java.lang.reflect.Method.invoke(Unknown Source)
	at org.testng.internal.MethodInvocationHelper.invokeMethod(MethodInvocationHelper.java:108)
	at org.testng.internal.Invoker.invokeMethod(Invoker.java:669)
	at org.testng.internal.Invoker.invokeTestMethod(Invoker.java:877)
	at org.testng.internal.Invoker.invokeTestMethods(Invoker.java:1201)
	at org.testng.internal.TestMethodWorker.invokeTestMethods(TestMethodWorker.java:125)
	at org.testng.internal.TestMethodWorker.run(TestMethodWorker.java:109)
	at org.testng.TestRunner.privateRun(TestRunner.java:776)
	at org.testng.TestRunner.run(TestRunner.java:634)
	at org.testng.SuiteRunner.runTest(SuiteRunner.java:425)
	at org.testng.SuiteRunner.runSequentially(SuiteRunner.java:420)
	at org.testng.SuiteRunner.privateRun(SuiteRunner.java:385)
	at org.testng.SuiteRunner.run(SuiteRunner.java:334)
	at org.testng.SuiteRunnerWorker.runSuite(SuiteRunnerWorker.java:52)
	at org.testng.SuiteRunnerWorker.run(SuiteRunnerWorker.java:86)
	at org.testng.TestNG.runSuitesSequentially(TestNG.java:1318)
	at org.testng.TestNG.runSuitesLocally(TestNG.java:1243)
	at org.testng.TestNG.runSuites(TestNG.java:1161)
	at org.testng.TestNG.run(TestNG.java:1129)
	at org.testng.remote.AbstractRemoteTestNG.run(AbstractRemoteTestNG.java:114)
	at org.testng.remote.RemoteTestNG.initAndRun(RemoteTestNG.java:251)
	at org.testng.remote.RemoteTestNG.main(RemoteTestNG.java:77)
]]>
    </failure>
  </testcase> <!-- createTag -->
  <testcase name="projectStatusCheck" time="1.908" classname="co.testNG.tmcsourceui.TestSourceUIFunctionality$TMCSourceUIFunctionality"/>
  <testcase name="sourceStatusCheck" time="2.062" classname="co.testNG.tmcsourceui.TestSourceUIFunctionality$TMCSourceUIFunctionality"/>
  <testcase name="sourceStatusCheck" time="1.998" classname="co.testNG.tmcsourceui.TestSourceUIFunctionality$TMCSourceUIFunctionality"/>
  <testcase name="checkCompose255BulkMode" time="3.400" classname="co.testNG.tmcsourceui.TestSourceUIFunctionality$TMCSourceUIFunctionality"/>
  <testcase name="createTag" time="2.097" classname="co.testNG.tmcsourceui.TestSourceUIFunctionality$TMCSourceUIFunctionality"/>
  <testcase name="checkCompose255SingleMode" time="3.935" classname="co.testNG.tmcsourceui.TestSourceUIFunctionality$TMCSourceUIFunctionality"/>
  <testcase name="hideFlagStatusCheck" time="1.970" classname="co.testNG.tmcsourceui.TestSourceUIFunctionality$TMCSourceUIFunctionality"/>
  <testcase name="checkCompose255SingleMode" time="4.000" classname="co.testNG.tmcsourceui.TestSourceUIFunctionality$TMCSourceUIFunctionality"/>
  <testcase name="checkCompose255SingleMode" time="3.640" classname="co.testNG.tmcsourceui.TestSourceUIFunctionality$TMCSourceUIFunctionality"/>
  <testcase name="projectStatusCheck" time="2.088" classname="co.testNG.tmcsourceui.TestSourceUIFunctionality$TMCSourceUIFunctionality"/>
  <testcase name="projectStatusCheck" time="1.915" classname="co.testNG.tmcsourceui.TestSourceUIFunctionality$TMCSourceUIFunctionality"/>
  <testcase name="checkCompose255SingleMode" time="3.433" classname="co.testNG.tmcsourceui.TestSourceUIFunctionality$TMCSourceUIFunctionality"/>
  <testcase name="checkCompose255SingleMode" time="4.580" classname="co.testNG.tmcsourceui.TestSourceUIFunctionality$TMCSourceUIFunctionality"/>
  <testcase name="checkCompose255BulkMode" time="3.302" classname="co.testNG.tmcsourceui.TestSourceUIFunctionality$TMCSourceUIFunctionality"/>
  <testcase name="projectStatusCheck" time="2.030" classname="co.testNG.tmcsourceui.TestSourceUIFunctionality$TMCSourceUIFunctionality"/>
  <testcase name="hideFlagStatusCheck" time="1.807" classname="co.testNG.tmcsourceui.TestSourceUIFunctionality$TMCSourceUIFunctionality"/>
  <testcase name="checkCompose255SingleMode" time="3.600" classname="co.testNG.tmcsourceui.TestSourceUIFunctionality$TMCSourceUIFunctionality"/>
  <testcase name="checkCompose255SingleMode" time="3.808" classname="co.testNG.tmcsourceui.TestSourceUIFunctionality$TMCSourceUIFunctionality"/>
  <testcase name="checkCompose255BulkMode" time="3.653" classname="co.testNG.tmcsourceui.TestSourceUIFunctionality$TMCSourceUIFunctionality"/>
  <testcase name="recommendedFlagCheck" time="14.695" classname="co.testNG.tmcsourceui.TestSourceUIFunctionality$TMCSourceUIFunctionality"/>
  <testcase name="projectStatusCheck" time="1.853" classname="co.testNG.tmcsourceui.TestSourceUIFunctionality$TMCSourceUIFunctionality"/>
  <testcase name="checkCompose255BulkMode" time="3.725" classname="co.testNG.tmcsourceui.TestSourceUIFunctionality$TMCSourceUIFunctionality"/>
</testsuite> <!-- co.testNG.tmcsourceui.TestSourceUIFunctionality$TMCSourceUIFunctionality -->
