<?xml version="1.0" encoding="UTF-8"?>
<!-- Generated by org.testng.reporters.JUnitReportReporter -->
<testsuite skipped="0" hostname="IN1W7L-507188" name="co.testNG.tmcsourceui.TMCSourceUIFunctionality" tests="11" failures="0" timestamp="28 Apr 2018 09:11:44 GMT" time="90.170" errors="0">
  <testcase name="checkCompose255WithoutSelectingModeDropDown" time="5.918" classname="co.testNG.tmcsourceui.TMCSourceUIFunctionality"/>
  <testcase name="compose255BulkMode" time="12.226" classname="co.testNG.tmcsourceui.TMCSourceUIFunctionality"/>
  <testcase name="sourceStatusCheck" time="5.934" classname="co.testNG.tmcsourceui.TMCSourceUIFunctionality"/>
  <testcase name="uploadTMCSourceFile" time="19.226" classname="co.testNG.tmcsourceui.TMCSourceUIFunctionality"/>
  <testcase name="createTag" time="5.970" classname="co.testNG.tmcsourceui.TMCSourceUIFunctionality"/>
  <testcase name="compose255SingleLocation" time="11.917" classname="co.testNG.tmcsourceui.TMCSourceUIFunctionality"/>
  <testcase name="recommendedFlagCheck" time="5.761" classname="co.testNG.tmcsourceui.TMCSourceUIFunctionality"/>
  <testcase name="projectStatusCheck" time="5.868" classname="co.testNG.tmcsourceui.TMCSourceUIFunctionality"/>
  <testcase name="createTagFieldValidationsWithDuplicateTagName" time="6.029" classname="co.testNG.tmcsourceui.TMCSourceUIFunctionality"/>
  <testcase name="createTagFieldValidationsWithBlankInputField" time="5.392" classname="co.testNG.tmcsourceui.TMCSourceUIFunctionality"/>
  <testcase name="hideFlagCheck" time="5.929" classname="co.testNG.tmcsourceui.TMCSourceUIFunctionality"/>
</testsuite> <!-- co.testNG.tmcsourceui.TMCSourceUIFunctionality -->
