<?xml version="1.0" encoding="UTF-8"?>
<!-- Generated by org.testng.reporters.JUnitReportReporter -->
<testsuite skipped="0" hostname="IN1W7L-507188" name="co.testNG.tmcsourceui.TestProjectStatus$TMCSourceUIFunctionality" tests="8" failures="0" timestamp="20 May 2018 12:39:08 GMT" time="16.099" errors="0">
  <testcase name="projectStatusCheck" time="2.419" classname="co.testNG.tmcsourceui.TestProjectStatus$TMCSourceUIFunctionality"/>
  <testcase name="projectStatusCheck" time="2.012" classname="co.testNG.tmcsourceui.TestProjectStatus$TMCSourceUIFunctionality"/>
  <testcase name="projectStatusCheck" time="1.942" classname="co.testNG.tmcsourceui.TestProjectStatus$TMCSourceUIFunctionality"/>
  <testcase name="projectStatusCheck" time="2.021" classname="co.testNG.tmcsourceui.TestProjectStatus$TMCSourceUIFunctionality"/>
  <testcase name="projectStatusCheck" time="2.045" classname="co.testNG.tmcsourceui.TestProjectStatus$TMCSourceUIFunctionality"/>
  <testcase name="loginTMCSoure" time="1.637" classname="co.testNG.tmcsourceui.TestProjectStatus$TMCSourceUIFunctionality"/>
  <testcase name="projectStatusCheck" time="2.071" classname="co.testNG.tmcsourceui.TestProjectStatus$TMCSourceUIFunctionality"/>
  <testcase name="projectStatusCheck" time="1.952" classname="co.testNG.tmcsourceui.TestProjectStatus$TMCSourceUIFunctionality"/>
</testsuite> <!-- co.testNG.tmcsourceui.TestProjectStatus$TMCSourceUIFunctionality -->
