<?xml version="1.0" encoding="UTF-8"?>
<!-- Generated by org.testng.reporters.JUnitReportReporter -->
<testsuite skipped="6" hostname="IN1W7L-507188" name="co.testNG.co.testNG.co.testNG.co.testNG.tmcsourceui.TMCSourceUIFunctionality" tests="7" failures="1" timestamp="22 Apr 2018 08:13:20 GMT" time="5.861" errors="0">
  <testcase name="recommendedFlagCheck" time="5.861" classname="co.testNG.co.testNG.co.testNG.co.testNG.tmcsourceui.TMCSourceUIFunctionality">
    <failure type="java.lang.AssertionError" message="expected [glyphicon glyphicon-star] but found [glyphicon glyphicon-star-empty]">
      <![CDATA[java.lang.AssertionError: expected [glyphicon glyphicon-star] but found [glyphicon glyphicon-star-empty]
	at org.testng.Assert.fail(Assert.java:93)
	at org.testng.Assert.failNotEquals(Assert.java:512)
	at org.testng.Assert.assertEqualsImpl(Assert.java:134)
	at org.testng.Assert.assertEquals(Assert.java:115)
	at org.testng.Assert.assertEquals(Assert.java:189)
	at org.testng.Assert.assertEquals(Assert.java:199)
	at co.testNG.co.testNG.co.testNG.co.testNG.tmcsourceui.TMCSourceUIFunctionality.recommendedFlagCheck(TMCSourceUIFunctionality.java:63)
	at sun.reflect.NativeMethodAccessorImpl.invoke0(Native Method)
	at sun.reflect.NativeMethodAccessorImpl.invoke(Unknown Source)
	at sun.reflect.DelegatingMethodAccessorImpl.invoke(Unknown Source)
	at java.lang.reflect.Method.invoke(Unknown Source)
	at org.testng.internal.MethodInvocationHelper.invokeMethod(MethodInvocationHelper.java:108)
	at org.testng.internal.Invoker.invokeMethod(Invoker.java:669)
	at org.testng.internal.Invoker.invokeTestMethod(Invoker.java:877)
	at org.testng.internal.Invoker.invokeTestMethods(Invoker.java:1201)
	at org.testng.internal.TestMethodWorker.invokeTestMethods(TestMethodWorker.java:125)
	at org.testng.internal.TestMethodWorker.run(TestMethodWorker.java:109)
	at org.testng.TestRunner.privateRun(TestRunner.java:776)
	at org.testng.TestRunner.run(TestRunner.java:634)
	at org.testng.SuiteRunner.runTest(SuiteRunner.java:425)
	at org.testng.SuiteRunner.runSequentially(SuiteRunner.java:420)
	at org.testng.SuiteRunner.privateRun(SuiteRunner.java:385)
	at org.testng.SuiteRunner.run(SuiteRunner.java:334)
	at org.testng.SuiteRunnerWorker.runSuite(SuiteRunnerWorker.java:52)
	at org.testng.SuiteRunnerWorker.run(SuiteRunnerWorker.java:86)
	at org.testng.TestNG.runSuitesSequentially(TestNG.java:1318)
	at org.testng.TestNG.runSuitesLocally(TestNG.java:1243)
	at org.testng.TestNG.runSuites(TestNG.java:1161)
	at org.testng.TestNG.run(TestNG.java:1129)
	at org.testng.remote.AbstractRemoteTestNG.run(AbstractRemoteTestNG.java:114)
	at org.testng.remote.RemoteTestNG.initAndRun(RemoteTestNG.java:251)
	at org.testng.remote.RemoteTestNG.main(RemoteTestNG.java:77)
]]>
    </failure>
  </testcase> <!-- recommendedFlagCheck -->
  <testcase name="hideFlagCheck" classname="co.testNG.co.testNG.co.testNG.co.testNG.tmcsourceui.TMCSourceUIFunctionality">
    <skipped/>
  </testcase> <!-- hideFlagCheck -->
  <testcase name="createTag" classname="co.testNG.co.testNG.co.testNG.co.testNG.tmcsourceui.TMCSourceUIFunctionality">
    <skipped/>
  </testcase> <!-- createTag -->
  <testcase name="compose255SingleLocation" classname="co.testNG.co.testNG.co.testNG.co.testNG.tmcsourceui.TMCSourceUIFunctionality">
    <skipped/>
  </testcase> <!-- compose255SingleLocation -->
  <testcase name="sourceStatusCheck" classname="co.testNG.co.testNG.co.testNG.co.testNG.tmcsourceui.TMCSourceUIFunctionality">
    <skipped/>
  </testcase> <!-- sourceStatusCheck -->
  <testcase name="compose255BulkMode" classname="co.testNG.co.testNG.co.testNG.co.testNG.tmcsourceui.TMCSourceUIFunctionality">
    <skipped/>
  </testcase> <!-- compose255BulkMode -->
  <testcase name="projectStatusCheck" classname="co.testNG.co.testNG.co.testNG.co.testNG.tmcsourceui.TMCSourceUIFunctionality">
    <skipped/>
  </testcase> <!-- projectStatusCheck -->
</testsuite> <!-- co.testNG.co.testNG.co.testNG.co.testNG.tmcsourceui.TMCSourceUIFunctionality -->
