<?xml version="1.0" encoding="UTF-8"?>
<!-- Generated by org.testng.reporters.JUnitReportReporter -->
<testsuite hostname="IN1WXL-522493" name="co.testNG.tmcsourceui.TestSourceUIFunctionality$TMCSourceUIFunctionality" tests="41" failures="0" timestamp="11 Aug 2018 14:21:21 GMT" time="114.122" errors="1">
  <testcase name="sourceStatusCheck" time="1.788" classname="co.testNG.tmcsourceui.TestSourceUIFunctionality$TMCSourceUIFunctionality"/>
  <testcase name="sourceStatusCheck" time="1.777" classname="co.testNG.tmcsourceui.TestSourceUIFunctionality$TMCSourceUIFunctionality"/>
  <testcase name="checkCompose255BulkMode" time="3.066" classname="co.testNG.tmcsourceui.TestSourceUIFunctionality$TMCSourceUIFunctionality"/>
  <testcase name="checkCompose255SingleMode" time="3.217" classname="co.testNG.tmcsourceui.TestSourceUIFunctionality$TMCSourceUIFunctionality"/>
  <testcase name="checkTagCreation" time="2.062" classname="co.testNG.tmcsourceui.TestSourceUIFunctionality$TMCSourceUIFunctionality"/>
  <testcase name="createTag" time="1.479" classname="co.testNG.tmcsourceui.TestSourceUIFunctionality$TMCSourceUIFunctionality"/>
  <testcase name="recommendedFlagCheck" time="1.660" classname="co.testNG.tmcsourceui.TestSourceUIFunctionality$TMCSourceUIFunctionality"/>
  <testcase name="projectStatusCheck" time="1.749" classname="co.testNG.tmcsourceui.TestSourceUIFunctionality$TMCSourceUIFunctionality"/>
  <testcase name="projectStatusCheck" time="1.901" classname="co.testNG.tmcsourceui.TestSourceUIFunctionality$TMCSourceUIFunctionality"/>
  <testcase name="createTag" time="1.966" classname="co.testNG.tmcsourceui.TestSourceUIFunctionality$TMCSourceUIFunctionality">
    <error type="java.lang.AssertionError" message="expected:&lt;Duplicate Entry for given tag version&gt; but was:&lt;Tag Added Successfully&gt;">
      <![CDATA[java.lang.AssertionError: expected:<Duplicate Entry for given tag version> but was:<Tag Added Successfully>
	at org.testng.Assert.fail(Assert.java:89)
	at org.testng.Assert.failNotEquals(Assert.java:489)
	at org.testng.Assert.assertEquals(Assert.java:118)
	at org.testng.Assert.assertEquals(Assert.java:171)
	at org.testng.Assert.assertEquals(Assert.java:181)
	at co.testNG.tmcsourceui.TestSourceUIFunctionality$TMCSourceUIFunctionality.createTag(TestSourceUIFunctionality.java:232)
	at sun.reflect.NativeMethodAccessorImpl.invoke0(Native Method)
	at sun.reflect.NativeMethodAccessorImpl.invoke(NativeMethodAccessorImpl.java:62)
	at sun.reflect.DelegatingMethodAccessorImpl.invoke(DelegatingMethodAccessorImpl.java:43)
	at java.lang.reflect.Method.invoke(Method.java:498)
	at org.testng.internal.MethodInvocationHelper.invokeMethod(MethodInvocationHelper.java:80)
	at org.testng.internal.Invoker.invokeMethod(Invoker.java:691)
	at org.testng.internal.Invoker.invokeTestMethod(Invoker.java:883)
	at org.testng.internal.Invoker.invokeTestMethods(Invoker.java:1208)
	at org.testng.internal.TestMethodWorker.invokeTestMethods(TestMethodWorker.java:127)
	at org.testng.internal.TestMethodWorker.run(TestMethodWorker.java:111)
	at org.testng.TestRunner.privateRun(TestRunner.java:758)
	at org.testng.TestRunner.run(TestRunner.java:613)
	at org.testng.SuiteRunner.runTest(SuiteRunner.java:334)
	at org.testng.SuiteRunner.runSequentially(SuiteRunner.java:329)
	at org.testng.SuiteRunner.privateRun(SuiteRunner.java:291)
	at org.testng.SuiteRunner.run(SuiteRunner.java:240)
	at org.testng.SuiteRunnerWorker.runSuite(SuiteRunnerWorker.java:53)
	at org.testng.SuiteRunnerWorker.run(SuiteRunnerWorker.java:87)
	at org.testng.TestNG.runSuitesSequentially(TestNG.java:1137)
	at org.testng.TestNG.runSuitesLocally(TestNG.java:1062)
	at org.testng.TestNG.run(TestNG.java:974)
	at org.apache.maven.surefire.testng.TestNGExecutor.run(TestNGExecutor.java:178)
	at org.apache.maven.surefire.testng.TestNGXmlTestSuite.execute(TestNGXmlTestSuite.java:92)
	at org.apache.maven.surefire.testng.TestNGProvider.invoke(TestNGProvider.java:96)
	at sun.reflect.NativeMethodAccessorImpl.invoke0(Native Method)
	at sun.reflect.NativeMethodAccessorImpl.invoke(NativeMethodAccessorImpl.java:62)
	at sun.reflect.DelegatingMethodAccessorImpl.invoke(DelegatingMethodAccessorImpl.java:43)
	at java.lang.reflect.Method.invoke(Method.java:498)
	at org.apache.maven.surefire.util.ReflectionUtils.invokeMethodWithArray2(ReflectionUtils.java:208)
	at org.apache.maven.surefire.booter.ProviderFactory$ProviderProxy.invoke(ProviderFactory.java:159)
	at org.apache.maven.surefire.booter.ProviderFactory.invokeProvider(ProviderFactory.java:87)
	at org.apache.maven.surefire.booter.ForkedBooter.runSuitesInProcess(ForkedBooter.java:153)
	at org.apache.maven.surefire.booter.ForkedBooter.main(ForkedBooter.java:95)
]]>
    </error>
  </testcase>
  <testcase name="createTag" time="2.032" classname="co.testNG.tmcsourceui.TestSourceUIFunctionality$TMCSourceUIFunctionality"/>
  <testcase name="checkCompose255SingleMode" time="3.799" classname="co.testNG.tmcsourceui.TestSourceUIFunctionality$TMCSourceUIFunctionality"/>
  <testcase name="checkCompose255SingleMode" time="3.496" classname="co.testNG.tmcsourceui.TestSourceUIFunctionality$TMCSourceUIFunctionality"/>
  <testcase name="projectStatusCheck" time="1.996" classname="co.testNG.tmcsourceui.TestSourceUIFunctionality$TMCSourceUIFunctionality"/>
  <testcase name="hideFlagStatusCheck" time="1.695" classname="co.testNG.tmcsourceui.TestSourceUIFunctionality$TMCSourceUIFunctionality"/>
  <testcase name="checkCompose255BulkMode" time="3.215" classname="co.testNG.tmcsourceui.TestSourceUIFunctionality$TMCSourceUIFunctionality"/>
  <testcase name="checkCompose255SingleMode" time="3.450" classname="co.testNG.tmcsourceui.TestSourceUIFunctionality$TMCSourceUIFunctionality"/>
  <testcase name="checkCompose255BulkMode" time="3.266" classname="co.testNG.tmcsourceui.TestSourceUIFunctionality$TMCSourceUIFunctionality"/>
  <testcase name="hideFlagStatusCheck" time="1.894" classname="co.testNG.tmcsourceui.TestSourceUIFunctionality$TMCSourceUIFunctionality"/>
  <testcase name="uploadTMCSourceFile" time="10.071" classname="co.testNG.tmcsourceui.TestSourceUIFunctionality$TMCSourceUIFunctionality"/>
  <testcase name="sourceStatusCheck" time="1.770" classname="co.testNG.tmcsourceui.TestSourceUIFunctionality$TMCSourceUIFunctionality"/>
  <testcase name="sourceStatusCheck" time="1.853" classname="co.testNG.tmcsourceui.TestSourceUIFunctionality$TMCSourceUIFunctionality"/>
  <testcase name="checkCompose255BulkMode" time="3.100" classname="co.testNG.tmcsourceui.TestSourceUIFunctionality$TMCSourceUIFunctionality"/>
  <testcase name="checkCompose255BulkMode" time="3.266" classname="co.testNG.tmcsourceui.TestSourceUIFunctionality$TMCSourceUIFunctionality"/>
  <testcase name="checkCompose255SingleMode" time="3.742" classname="co.testNG.tmcsourceui.TestSourceUIFunctionality$TMCSourceUIFunctionality"/>
  <testcase name="checkCompose255BulkMode" time="3.713" classname="co.testNG.tmcsourceui.TestSourceUIFunctionality$TMCSourceUIFunctionality"/>
  <testcase name="projectStatusCheck" time="1.810" classname="co.testNG.tmcsourceui.TestSourceUIFunctionality$TMCSourceUIFunctionality"/>
  <testcase name="loginTMCSoure" time="1.447" classname="co.testNG.tmcsourceui.TestSourceUIFunctionality$TMCSourceUIFunctionality"/>
  <testcase name="projectStatusCheck" time="1.810" classname="co.testNG.tmcsourceui.TestSourceUIFunctionality$TMCSourceUIFunctionality"/>
  <testcase name="checkCompose255SingleMode" time="3.249" classname="co.testNG.tmcsourceui.TestSourceUIFunctionality$TMCSourceUIFunctionality"/>
  <testcase name="checkCompose255SingleMode" time="3.333" classname="co.testNG.tmcsourceui.TestSourceUIFunctionality$TMCSourceUIFunctionality"/>
  <testcase name="projectStatusCheck" time="1.888" classname="co.testNG.tmcsourceui.TestSourceUIFunctionality$TMCSourceUIFunctionality"/>
  <testcase name="checkCompose255BulkMode" time="3.227" classname="co.testNG.tmcsourceui.TestSourceUIFunctionality$TMCSourceUIFunctionality"/>
  <testcase name="checkCompose255SingleMode" time="3.232" classname="co.testNG.tmcsourceui.TestSourceUIFunctionality$TMCSourceUIFunctionality"/>
  <testcase name="checkCompose255SingleMode" time="3.302" classname="co.testNG.tmcsourceui.TestSourceUIFunctionality$TMCSourceUIFunctionality"/>
  <testcase name="checkCompose255SingleMode" time="3.934" classname="co.testNG.tmcsourceui.TestSourceUIFunctionality$TMCSourceUIFunctionality"/>
  <testcase name="projectStatusCheck" time="1.851" classname="co.testNG.tmcsourceui.TestSourceUIFunctionality$TMCSourceUIFunctionality"/>
  <testcase name="checkCompose255BulkMode" time="3.235" classname="co.testNG.tmcsourceui.TestSourceUIFunctionality$TMCSourceUIFunctionality"/>
  <testcase name="checkCompose255BlankMode" time="3.054" classname="co.testNG.tmcsourceui.TestSourceUIFunctionality$TMCSourceUIFunctionality"/>
  <testcase name="checkCompose255SingleMode" time="3.966" classname="co.testNG.tmcsourceui.TestSourceUIFunctionality$TMCSourceUIFunctionality"/>
  <testcase name="hideFlagStatusCheck" time="1.761" classname="co.testNG.tmcsourceui.TestSourceUIFunctionality$TMCSourceUIFunctionality"/>
</testsuite>
